<?xml version="1.0" encoding="UTF-8"?>
<testng-results skipped="0" failed="1" total="2" passed="1">
  <reporter-output>
  </reporter-output>
  <suite name="Default suite" duration-ms="119" started-at="2020-06-21T11:20:12Z" finished-at="2020-06-21T11:20:12Z">
    <groups>
    </groups>
    <test name="Default test" duration-ms="119" started-at="2020-06-21T11:20:12Z" finished-at="2020-06-21T11:20:12Z">
      <class name="com.jbk.qa.testpages.LoginPageTest">
        <test-method status="PASS" signature="TittleCheck()[pri:0, instance:com.jbk.qa.testpages.LoginPageTest@7fdd33]" name="TittleCheck" duration-ms="78" started-at="2020-06-21T16:50:12Z" finished-at="2020-06-21T16:50:12Z">
          <reporter-output>
          </reporter-output>
        </test-method> <!-- TittleCheck -->
        <test-method status="FAIL" signature="UserNameTest()[pri:0, instance:com.jbk.qa.testpages.LoginPageTest@7fdd33]" name="UserNameTest" duration-ms="12" started-at="2020-06-21T16:50:12Z" finished-at="2020-06-21T16:50:12Z">
          <exception class="java.lang.NullPointerException">
            <full-stacktrace>
              <![CDATA[java.lang.NullPointerException
	at com.jbk.qa.util.ExtentScreenShot.getScreenshot(ExtentScreenShot.java:21)
	at com.jbk.qa.extentreport.ExtentLogs.fail(ExtentLogs.java:23)
	at com.jbk.qa.testpages.LoginPageTest.UserNameTest(LoginPageTest.java:69)
	at sun.reflect.NativeMethodAccessorImpl.invoke0(Native Method)
	at sun.reflect.NativeMethodAccessorImpl.invoke(NativeMethodAccessorImpl.java:62)
	at sun.reflect.DelegatingMethodAccessorImpl.invoke(DelegatingMethodAccessorImpl.java:43)
	at java.lang.reflect.Method.invoke(Method.java:497)
	at org.testng.internal.MethodInvocationHelper.invokeMethod(MethodInvocationHelper.java:85)
	at org.testng.internal.Invoker.invokeMethod(Invoker.java:663)
	at org.testng.internal.Invoker.invokeTestMethod(Invoker.java:849)
	at org.testng.internal.Invoker.invokeTestMethods(Invoker.java:1157)
	at org.testng.internal.TestMethodWorker.invokeTestMethods(TestMethodWorker.java:124)
	at org.testng.internal.TestMethodWorker.run(TestMethodWorker.java:108)
	at org.testng.TestRunner.privateRun(TestRunner.java:771)
	at org.testng.TestRunner.run(TestRunner.java:621)
	at org.testng.SuiteRunner.runTest(SuiteRunner.java:357)
	at org.testng.SuiteRunner.runSequentially(SuiteRunner.java:352)
	at org.testng.SuiteRunner.privateRun(SuiteRunner.java:310)
	at org.testng.SuiteRunner.run(SuiteRunner.java:259)
	at org.testng.SuiteRunnerWorker.runSuite(SuiteRunnerWorker.java:52)
	at org.testng.SuiteRunnerWorker.run(SuiteRunnerWorker.java:86)
	at org.testng.TestNG.runSuitesSequentially(TestNG.java:1200)
	at org.testng.TestNG.runSuitesLocally(TestNG.java:1125)
	at org.testng.TestNG.run(TestNG.java:1033)
	at org.testng.remote.RemoteTestNG.run(RemoteTestNG.java:111)
	at org.testng.remote.RemoteTestNG.initAndRun(RemoteTestNG.java:204)
	at org.testng.remote.RemoteTestNG.main(RemoteTestNG.java:175)
]]>
            </full-stacktrace>
          </exception> <!-- java.lang.NullPointerException -->
          <reporter-output>
          </reporter-output>
        </test-method> <!-- UserNameTest -->
        <test-method status="PASS" signature="endReport()[pri:0, instance:com.jbk.qa.testpages.LoginPageTest@7fdd33]" name="endReport" is-config="true" duration-ms="687" started-at="2020-06-21T16:50:12Z" finished-at="2020-06-21T16:50:13Z">
          <reporter-output>
          </reporter-output>
        </test-method> <!-- endReport -->
      </class> <!-- com.jbk.qa.testpages.LoginPageTest -->
    </test> <!-- Default test -->
  </suite> <!-- Default suite -->
</testng-results>
